
*** Running vivado
    with args -log Basys3CPU.vds -m64 -product Vivado -mode batch -messageDb vivado.pb -notrace -source Basys3CPU.tcl


****** Vivado v2017.4 (64-bit)
  **** SW Build 2086221 on Fri Dec 15 20:55:39 MST 2017
  **** IP Build 2085800 on Fri Dec 15 22:25:07 MST 2017
    ** Copyright 1986-2017 Xilinx, Inc. All Rights Reserved.

source Basys3CPU.tcl -notrace
Command: synth_design -top Basys3CPU -part xc7a35tcpg236-1
Starting synth_design
Attempting to get a license for feature 'Synthesis' and/or device 'xc7a35t'
INFO: [Common 17-349] Got license for feature 'Synthesis' and/or device 'xc7a35t'
INFO: Launching helper process for spawning children vivado processes
INFO: Helper process launched with PID 2964 
---------------------------------------------------------------------------------
Starting RTL Elaboration : Time (s): cpu = 00:00:07 ; elapsed = 00:00:07 . Memory (MB): peak = 344.063 ; gain = 100.336
---------------------------------------------------------------------------------
INFO: [Synth 8-638] synthesizing module 'Basys3CPU' [D:/vivadoProject/SingleCycleCpu/SingleCycleCpu.srcs/sources_1/new/Basys3CPU.v:23]
INFO: [Synth 8-638] synthesizing module 'Button_Debounce' [D:/vivadoProject/SingleCycleCpu/SingleCycleCpu.srcs/sources_1/new/Button_Debounce.v:23]
INFO: [Synth 8-638] synthesizing module 'ClockDivisor' [D:/vivadoProject/SingleCycleCpu/SingleCycleCpu.srcs/sources_1/new/Button_Debounce.v:43]
	Parameter n bound to: 1000000 - type: integer 
INFO: [Synth 8-256] done synthesizing module 'ClockDivisor' (1#1) [D:/vivadoProject/SingleCycleCpu/SingleCycleCpu.srcs/sources_1/new/Button_Debounce.v:43]
INFO: [Synth 8-256] done synthesizing module 'Button_Debounce' (2#1) [D:/vivadoProject/SingleCycleCpu/SingleCycleCpu.srcs/sources_1/new/Button_Debounce.v:23]
INFO: [Synth 8-638] synthesizing module 'CPUTOP' [D:/vivadoProject/SingleCycleCpu/SingleCycleCpu.srcs/sources_1/new/CPUTOP.v:23]
INFO: [Synth 8-638] synthesizing module 'PC' [D:/vivadoProject/SingleCycleCpu/SingleCycleCpu.srcs/sources_1/new/PC.v:23]
INFO: [Synth 8-256] done synthesizing module 'PC' (3#1) [D:/vivadoProject/SingleCycleCpu/SingleCycleCpu.srcs/sources_1/new/PC.v:23]
INFO: [Synth 8-638] synthesizing module 'InstructionMemory' [D:/vivadoProject/SingleCycleCpu/SingleCycleCpu.srcs/sources_1/new/InstructionMemory.v:23]
INFO: [Synth 8-3876] $readmem data file 'D:/vivadoProject/CPUSingleCycle/CPUSingleCycle.srcs/sources_1/new/data.txt' is read successfully [D:/vivadoProject/SingleCycleCpu/SingleCycleCpu.srcs/sources_1/new/InstructionMemory.v:29]
INFO: [Synth 8-256] done synthesizing module 'InstructionMemory' (4#1) [D:/vivadoProject/SingleCycleCpu/SingleCycleCpu.srcs/sources_1/new/InstructionMemory.v:23]
INFO: [Synth 8-638] synthesizing module 'ControlUnit' [D:/vivadoProject/SingleCycleCpu/SingleCycleCpu.srcs/sources_1/new/ControlUnit.v:23]
INFO: [Synth 8-155] case statement is not full and has no default [D:/vivadoProject/SingleCycleCpu/SingleCycleCpu.srcs/sources_1/new/ControlUnit.v:49]
INFO: [Synth 8-256] done synthesizing module 'ControlUnit' (5#1) [D:/vivadoProject/SingleCycleCpu/SingleCycleCpu.srcs/sources_1/new/ControlUnit.v:23]
INFO: [Synth 8-638] synthesizing module 'Registers' [D:/vivadoProject/SingleCycleCpu/SingleCycleCpu.srcs/sources_1/new/Registers.v:23]
INFO: [Synth 8-256] done synthesizing module 'Registers' (6#1) [D:/vivadoProject/SingleCycleCpu/SingleCycleCpu.srcs/sources_1/new/Registers.v:23]
INFO: [Synth 8-638] synthesizing module 'SignExtend' [D:/vivadoProject/SingleCycleCpu/SingleCycleCpu.srcs/sources_1/new/SignExtend.v:23]
INFO: [Synth 8-256] done synthesizing module 'SignExtend' (7#1) [D:/vivadoProject/SingleCycleCpu/SingleCycleCpu.srcs/sources_1/new/SignExtend.v:23]
INFO: [Synth 8-638] synthesizing module 'ALUControl' [D:/vivadoProject/SingleCycleCpu/SingleCycleCpu.srcs/sources_1/new/ALUControl.v:23]
INFO: [Synth 8-155] case statement is not full and has no default [D:/vivadoProject/SingleCycleCpu/SingleCycleCpu.srcs/sources_1/new/ALUControl.v:30]
INFO: [Synth 8-256] done synthesizing module 'ALUControl' (8#1) [D:/vivadoProject/SingleCycleCpu/SingleCycleCpu.srcs/sources_1/new/ALUControl.v:23]
INFO: [Synth 8-638] synthesizing module 'ALU' [D:/vivadoProject/SingleCycleCpu/SingleCycleCpu.srcs/sources_1/new/ALU.v:23]
INFO: [Synth 8-155] case statement is not full and has no default [D:/vivadoProject/SingleCycleCpu/SingleCycleCpu.srcs/sources_1/new/ALU.v:33]
INFO: [Synth 8-256] done synthesizing module 'ALU' (9#1) [D:/vivadoProject/SingleCycleCpu/SingleCycleCpu.srcs/sources_1/new/ALU.v:23]
INFO: [Synth 8-638] synthesizing module 'DataMemory' [D:/vivadoProject/SingleCycleCpu/SingleCycleCpu.srcs/sources_1/new/DataMemory.v:23]
WARNING: [Synth 8-4767] Trying to implement RAM 'memoryRAM_reg' in registers. Block RAM or DRAM implementation is not possible; see log for reasons.
Reason is one or more of the following :
	1: RAM has multiple writes via different ports in same process. If RAM inferencing intended, write to one port per process. 
	2: Unable to determine number of words or word size in RAM. 
	3: No valid read/write found for RAM. 
RAM "memoryRAM_reg" dissolved into registers
INFO: [Synth 8-256] done synthesizing module 'DataMemory' (10#1) [D:/vivadoProject/SingleCycleCpu/SingleCycleCpu.srcs/sources_1/new/DataMemory.v:23]
INFO: [Synth 8-256] done synthesizing module 'CPUTOP' (11#1) [D:/vivadoProject/SingleCycleCpu/SingleCycleCpu.srcs/sources_1/new/CPUTOP.v:23]
INFO: [Synth 8-638] synthesizing module 'smg' [D:/vivadoProject/SingleCycleCpu/SingleCycleCpu.srcs/sources_1/new/smg.v:23]
INFO: [Synth 8-638] synthesizing module 'clkDiv' [D:/vivadoProject/SingleCycleCpu/SingleCycleCpu.srcs/sources_1/new/clkDiv.v:23]
INFO: [Synth 8-256] done synthesizing module 'clkDiv' (12#1) [D:/vivadoProject/SingleCycleCpu/SingleCycleCpu.srcs/sources_1/new/clkDiv.v:23]
INFO: [Synth 8-638] synthesizing module 'counter4' [D:/vivadoProject/SingleCycleCpu/SingleCycleCpu.srcs/sources_1/new/counter4.v:23]
INFO: [Synth 8-256] done synthesizing module 'counter4' (13#1) [D:/vivadoProject/SingleCycleCpu/SingleCycleCpu.srcs/sources_1/new/counter4.v:23]
INFO: [Synth 8-638] synthesizing module 'smgMux' [D:/vivadoProject/SingleCycleCpu/SingleCycleCpu.srcs/sources_1/new/smgMux.v:23]
INFO: [Synth 8-256] done synthesizing module 'smgMux' (14#1) [D:/vivadoProject/SingleCycleCpu/SingleCycleCpu.srcs/sources_1/new/smgMux.v:23]
INFO: [Synth 8-638] synthesizing module 'HexToSeg' [D:/vivadoProject/SingleCycleCpu/SingleCycleCpu.srcs/sources_1/new/HexToSeg.v:23]
INFO: [Synth 8-226] default block is never used [D:/vivadoProject/SingleCycleCpu/SingleCycleCpu.srcs/sources_1/new/HexToSeg.v:29]
INFO: [Synth 8-256] done synthesizing module 'HexToSeg' (15#1) [D:/vivadoProject/SingleCycleCpu/SingleCycleCpu.srcs/sources_1/new/HexToSeg.v:23]
INFO: [Synth 8-256] done synthesizing module 'smg' (16#1) [D:/vivadoProject/SingleCycleCpu/SingleCycleCpu.srcs/sources_1/new/smg.v:23]
INFO: [Synth 8-256] done synthesizing module 'Basys3CPU' (17#1) [D:/vivadoProject/SingleCycleCpu/SingleCycleCpu.srcs/sources_1/new/Basys3CPU.v:23]
---------------------------------------------------------------------------------
Finished RTL Elaboration : Time (s): cpu = 00:00:07 ; elapsed = 00:00:08 . Memory (MB): peak = 397.379 ; gain = 153.652
---------------------------------------------------------------------------------

Report Check Netlist: 
+------+------------------+-------+---------+-------+------------------+
|      |Item              |Errors |Warnings |Status |Description       |
+------+------------------+-------+---------+-------+------------------+
|1     |multi_driven_nets |      0|        0|Passed |Multi driven nets |
+------+------------------+-------+---------+-------+------------------+
---------------------------------------------------------------------------------
Finished RTL Optimization Phase 1 : Time (s): cpu = 00:00:08 ; elapsed = 00:00:08 . Memory (MB): peak = 397.379 ; gain = 153.652
---------------------------------------------------------------------------------
INFO: [Device 21-403] Loading part xc7a35tcpg236-1
INFO: [Project 1-570] Preparing netlist for logic optimization

Processing XDC Constraints
Initializing timing engine
Parsing XDC File [D:/vivadoProject/SingleCycleCpu/SingleCycleCpu.srcs/constrs_1/new/CPU.xdc]
Finished Parsing XDC File [D:/vivadoProject/SingleCycleCpu/SingleCycleCpu.srcs/constrs_1/new/CPU.xdc]
INFO: [Project 1-236] Implementation specific constraints were found while reading constraint file [D:/vivadoProject/SingleCycleCpu/SingleCycleCpu.srcs/constrs_1/new/CPU.xdc]. These constraints will be ignored for synthesis but will be used in implementation. Impacted constraints are listed in the file [.Xil/Basys3CPU_propImpl.xdc].
Resolution: To avoid this warning, move constraints listed in [.Xil/Basys3CPU_propImpl.xdc] to another XDC file and exclude this new file from synthesis with the used_in_synthesis property (File Properties dialog in GUI) and re-run elaboration/synthesis.
Completed Processing XDC Constraints

INFO: [Project 1-111] Unisim Transformation Summary:
No Unisim elements were transformed.

Constraint Validation Runtime : Time (s): cpu = 00:00:00 ; elapsed = 00:00:00.002 . Memory (MB): peak = 732.836 ; gain = 0.000
---------------------------------------------------------------------------------
Finished Constraint Validation : Time (s): cpu = 00:00:20 ; elapsed = 00:00:21 . Memory (MB): peak = 732.836 ; gain = 489.109
---------------------------------------------------------------------------------
---------------------------------------------------------------------------------
Start Loading Part and Timing Information
---------------------------------------------------------------------------------
Loading part: xc7a35tcpg236-1
---------------------------------------------------------------------------------
Finished Loading Part and Timing Information : Time (s): cpu = 00:00:20 ; elapsed = 00:00:21 . Memory (MB): peak = 732.836 ; gain = 489.109
---------------------------------------------------------------------------------
---------------------------------------------------------------------------------
Start Applying 'set_property' XDC Constraints
---------------------------------------------------------------------------------
---------------------------------------------------------------------------------
Finished applying 'set_property' XDC Constraints : Time (s): cpu = 00:00:20 ; elapsed = 00:00:21 . Memory (MB): peak = 732.836 ; gain = 489.109
---------------------------------------------------------------------------------
WARNING: [Synth 8-6014] Unused sequential element count_reg was removed.  [D:/vivadoProject/SingleCycleCpu/SingleCycleCpu.srcs/sources_1/new/Button_Debounce.v:51]
INFO: [Synth 8-5546] ROM "memoryROM" won't be mapped to RAM because it is too sparse
INFO: [Synth 8-5546] ROM "memoryROM" won't be mapped to RAM because it is too sparse
INFO: [Synth 8-5546] ROM "memoryROM" won't be mapped to RAM because it is too sparse
INFO: [Synth 8-5546] ROM "memoryROM" won't be mapped to RAM because it is too sparse
INFO: [Synth 8-5546] ROM "RegDst" won't be mapped to RAM because it is too sparse
INFO: [Synth 8-5545] ROM "zero" won't be mapped to RAM because address size (32) is larger than maximum supported(25)
INFO: [Synth 8-5544] ROM "result" won't be mapped to Block RAM because address size (4) smaller than threshold (5)
WARNING: [Synth 8-6014] Unused sequential element div_counter_reg was removed.  [D:/vivadoProject/SingleCycleCpu/SingleCycleCpu.srcs/sources_1/new/clkDiv.v:30]
WARNING: [Synth 8-327] inferring latch for variable 'RegDst_reg' [D:/vivadoProject/SingleCycleCpu/SingleCycleCpu.srcs/sources_1/new/ControlUnit.v:51]
WARNING: [Synth 8-327] inferring latch for variable 'Jump_reg' [D:/vivadoProject/SingleCycleCpu/SingleCycleCpu.srcs/sources_1/new/ControlUnit.v:59]
WARNING: [Synth 8-327] inferring latch for variable 'Branch_reg' [D:/vivadoProject/SingleCycleCpu/SingleCycleCpu.srcs/sources_1/new/ControlUnit.v:57]
WARNING: [Synth 8-327] inferring latch for variable 'MemtoReg_reg' [D:/vivadoProject/SingleCycleCpu/SingleCycleCpu.srcs/sources_1/new/ControlUnit.v:53]
WARNING: [Synth 8-327] inferring latch for variable 'ALUOp_reg' [D:/vivadoProject/SingleCycleCpu/SingleCycleCpu.srcs/sources_1/new/ControlUnit.v:58]
WARNING: [Synth 8-327] inferring latch for variable 'MemWrite_reg' [D:/vivadoProject/SingleCycleCpu/SingleCycleCpu.srcs/sources_1/new/ControlUnit.v:56]
WARNING: [Synth 8-327] inferring latch for variable 'ALUSrc_reg' [D:/vivadoProject/SingleCycleCpu/SingleCycleCpu.srcs/sources_1/new/ControlUnit.v:52]
WARNING: [Synth 8-327] inferring latch for variable 'RegWrite_reg' [D:/vivadoProject/SingleCycleCpu/SingleCycleCpu.srcs/sources_1/new/ControlUnit.v:54]
WARNING: [Synth 8-327] inferring latch for variable 'ALUControlSingal_reg' [D:/vivadoProject/SingleCycleCpu/SingleCycleCpu.srcs/sources_1/new/ALUControl.v:31]
WARNING: [Synth 8-327] inferring latch for variable 'result_reg' [D:/vivadoProject/SingleCycleCpu/SingleCycleCpu.srcs/sources_1/new/ALU.v:31]
---------------------------------------------------------------------------------
Finished RTL Optimization Phase 2 : Time (s): cpu = 00:00:21 ; elapsed = 00:00:22 . Memory (MB): peak = 732.836 ; gain = 489.109
---------------------------------------------------------------------------------

Report RTL Partitions: 
+-+--------------+------------+----------+
| |RTL Partition |Replication |Instances |
+-+--------------+------------+----------+
+-+--------------+------------+----------+
---------------------------------------------------------------------------------
Start RTL Component Statistics 
---------------------------------------------------------------------------------
Detailed RTL Component Info : 
+---Adders : 
	   2 Input     32 Bit       Adders := 2     
	   3 Input     32 Bit       Adders := 1     
	   2 Input      6 Bit       Adders := 3     
	   2 Input      2 Bit       Adders := 1     
+---XORs : 
	   2 Input     32 Bit         XORs := 1     
+---Registers : 
	               32 Bit    Registers := 1     
	                8 Bit    Registers := 48    
	                3 Bit    Registers := 1     
	                2 Bit    Registers := 1     
	                1 Bit    Registers := 2     
+---RAMs : 
	              992 Bit         RAMs := 1     
+---Muxes : 
	   2 Input     32 Bit        Muxes := 6     
	   7 Input     32 Bit        Muxes := 1     
	  49 Input      8 Bit        Muxes := 4     
	   4 Input      8 Bit        Muxes := 28    
	   2 Input      8 Bit        Muxes := 44    
	   2 Input      5 Bit        Muxes := 1     
	   8 Input      4 Bit        Muxes := 1     
	   4 Input      4 Bit        Muxes := 2     
	   7 Input      3 Bit        Muxes := 2     
	   2 Input      2 Bit        Muxes := 2     
	   4 Input      2 Bit        Muxes := 4     
	   7 Input      1 Bit        Muxes := 8     
	   8 Input      1 Bit        Muxes := 1     
	   2 Input      1 Bit        Muxes := 42    
	   4 Input      1 Bit        Muxes := 12    
	   5 Input      1 Bit        Muxes := 36    
---------------------------------------------------------------------------------
Finished RTL Component Statistics 
---------------------------------------------------------------------------------
---------------------------------------------------------------------------------
Start RTL Hierarchical Component Statistics 
---------------------------------------------------------------------------------
Hierarchical RTL Component report 
Module ClockDivisor 
Detailed RTL Component Info : 
+---Registers : 
	                1 Bit    Registers := 1     
Module Button_Debounce 
Detailed RTL Component Info : 
+---Registers : 
	                3 Bit    Registers := 1     
Module PC 
Detailed RTL Component Info : 
+---Registers : 
	               32 Bit    Registers := 1     
Module InstructionMemory 
Detailed RTL Component Info : 
+---Adders : 
	   2 Input      6 Bit       Adders := 3     
+---Muxes : 
	  49 Input      8 Bit        Muxes := 4     
Module ControlUnit 
Detailed RTL Component Info : 
+---Muxes : 
	   7 Input      3 Bit        Muxes := 1     
	   7 Input      1 Bit        Muxes := 7     
Module Registers 
Detailed RTL Component Info : 
+---RAMs : 
	              992 Bit         RAMs := 1     
+---Muxes : 
	   2 Input     32 Bit        Muxes := 2     
Module SignExtend 
Detailed RTL Component Info : 
+---Muxes : 
	   2 Input     32 Bit        Muxes := 1     
Module ALUControl 
Detailed RTL Component Info : 
+---Muxes : 
	   8 Input      4 Bit        Muxes := 1     
	   8 Input      1 Bit        Muxes := 1     
Module ALU 
Detailed RTL Component Info : 
+---Adders : 
	   2 Input     32 Bit       Adders := 1     
	   3 Input     32 Bit       Adders := 1     
+---XORs : 
	   2 Input     32 Bit         XORs := 1     
+---Muxes : 
	   7 Input     32 Bit        Muxes := 1     
	   7 Input      3 Bit        Muxes := 1     
	   2 Input      2 Bit        Muxes := 1     
	   7 Input      1 Bit        Muxes := 1     
Module DataMemory 
Detailed RTL Component Info : 
+---Registers : 
	                8 Bit    Registers := 48    
+---Muxes : 
	   4 Input      8 Bit        Muxes := 28    
	   2 Input      8 Bit        Muxes := 44    
	   4 Input      2 Bit        Muxes := 4     
	   2 Input      1 Bit        Muxes := 42    
	   4 Input      1 Bit        Muxes := 12    
	   5 Input      1 Bit        Muxes := 36    
Module CPUTOP 
Detailed RTL Component Info : 
+---Adders : 
	   2 Input     32 Bit       Adders := 1     
+---Muxes : 
	   2 Input     32 Bit        Muxes := 3     
	   2 Input      5 Bit        Muxes := 1     
Module clkDiv 
Detailed RTL Component Info : 
+---Registers : 
	                1 Bit    Registers := 1     
Module counter4 
Detailed RTL Component Info : 
+---Adders : 
	   2 Input      2 Bit       Adders := 1     
+---Registers : 
	                2 Bit    Registers := 1     
+---Muxes : 
	   2 Input      2 Bit        Muxes := 1     
Module smgMux 
Detailed RTL Component Info : 
+---Muxes : 
	   4 Input      4 Bit        Muxes := 1     
Module smg 
Detailed RTL Component Info : 
+---Muxes : 
	   4 Input      4 Bit        Muxes := 1     
---------------------------------------------------------------------------------
Finished RTL Hierarchical Component Statistics
---------------------------------------------------------------------------------
---------------------------------------------------------------------------------
Start Part Resource Summary
---------------------------------------------------------------------------------
Part Resources:
DSPs: 90 (col length:60)
BRAMs: 100 (col length: RAMB18 60 RAMB36 30)
---------------------------------------------------------------------------------
Finished Part Resource Summary
---------------------------------------------------------------------------------
---------------------------------------------------------------------------------
Start Cross Boundary and Area Optimization
---------------------------------------------------------------------------------
INFO: [Synth 8-5545] ROM "uCPUTOP/uALU/zero" won't be mapped to RAM because address size (32) is larger than maximum supported(25)
WARNING: [Synth 8-6014] Unused sequential element uButton_Debounce/t_20ms/count_reg was removed.  [D:/vivadoProject/SingleCycleCpu/SingleCycleCpu.srcs/sources_1/new/Button_Debounce.v:51]
WARNING: [Synth 8-6014] Unused sequential element usmg/uclkDiv/div_counter_reg was removed.  [D:/vivadoProject/SingleCycleCpu/SingleCycleCpu.srcs/sources_1/new/clkDiv.v:30]
WARNING: [Synth 8-3331] design DataMemory has unconnected port Address[31]
WARNING: [Synth 8-3331] design DataMemory has unconnected port Address[30]
WARNING: [Synth 8-3331] design DataMemory has unconnected port Address[29]
WARNING: [Synth 8-3331] design DataMemory has unconnected port Address[28]
WARNING: [Synth 8-3331] design DataMemory has unconnected port Address[27]
WARNING: [Synth 8-3331] design DataMemory has unconnected port Address[26]
WARNING: [Synth 8-3331] design DataMemory has unconnected port Address[25]
WARNING: [Synth 8-3331] design DataMemory has unconnected port Address[24]
WARNING: [Synth 8-3331] design DataMemory has unconnected port Address[23]
WARNING: [Synth 8-3331] design DataMemory has unconnected port Address[22]
WARNING: [Synth 8-3331] design DataMemory has unconnected port Address[21]
WARNING: [Synth 8-3331] design DataMemory has unconnected port Address[20]
WARNING: [Synth 8-3331] design DataMemory has unconnected port Address[19]
WARNING: [Synth 8-3331] design DataMemory has unconnected port Address[18]
WARNING: [Synth 8-3331] design DataMemory has unconnected port Address[17]
WARNING: [Synth 8-3331] design DataMemory has unconnected port Address[16]
WARNING: [Synth 8-3331] design DataMemory has unconnected port Address[15]
WARNING: [Synth 8-3331] design DataMemory has unconnected port Address[14]
WARNING: [Synth 8-3331] design DataMemory has unconnected port Address[13]
WARNING: [Synth 8-3331] design DataMemory has unconnected port Address[12]
WARNING: [Synth 8-3331] design DataMemory has unconnected port Address[11]
WARNING: [Synth 8-3331] design DataMemory has unconnected port Address[10]
WARNING: [Synth 8-3331] design DataMemory has unconnected port Address[9]
WARNING: [Synth 8-3331] design DataMemory has unconnected port Address[8]
WARNING: [Synth 8-3331] design DataMemory has unconnected port Address[7]
WARNING: [Synth 8-3331] design DataMemory has unconnected port Address[6]
INFO: [Synth 8-3333] propagating constant 0 across sequential element (\uCPUTOP/uControlUnit/ALUOp_reg[2] )
INFO: [Synth 8-3886] merging instance 'uCPUTOP/uControlUnit/ALUOp_reg[0]' (LD) to 'uCPUTOP/uControlUnit/Branch_reg'
INFO: [Synth 8-3333] propagating constant 0 across sequential element (\uCPUTOP/uALUControl/ALUControlSingal_reg[3] )
WARNING: [Synth 8-3332] Sequential element (uCPUTOP/uControlUnit/ALUOp_reg[2]) is unused and will be removed from module Basys3CPU.
WARNING: [Synth 8-3332] Sequential element (uCPUTOP/uALUControl/ALUControlSingal_reg[3]) is unused and will be removed from module Basys3CPU.
WARNING: [Synth 8-3332] Sequential element (uButton_Debounce/btn_reg[2]) is unused and will be removed from module Basys3CPU.
WARNING: [Synth 8-3332] Sequential element (uCPUTOP/uPC/currentPC_reg[31]) is unused and will be removed from module Basys3CPU.
WARNING: [Synth 8-3332] Sequential element (uCPUTOP/uPC/currentPC_reg[30]) is unused and will be removed from module Basys3CPU.
WARNING: [Synth 8-3332] Sequential element (uCPUTOP/uPC/currentPC_reg[29]) is unused and will be removed from module Basys3CPU.
WARNING: [Synth 8-3332] Sequential element (uCPUTOP/uPC/currentPC_reg[28]) is unused and will be removed from module Basys3CPU.
WARNING: [Synth 8-3332] Sequential element (uCPUTOP/uPC/currentPC_reg[27]) is unused and will be removed from module Basys3CPU.
WARNING: [Synth 8-3332] Sequential element (uCPUTOP/uPC/currentPC_reg[26]) is unused and will be removed from module Basys3CPU.
WARNING: [Synth 8-3332] Sequential element (uCPUTOP/uPC/currentPC_reg[25]) is unused and will be removed from module Basys3CPU.
WARNING: [Synth 8-3332] Sequential element (uCPUTOP/uPC/currentPC_reg[24]) is unused and will be removed from module Basys3CPU.
WARNING: [Synth 8-3332] Sequential element (uCPUTOP/uPC/currentPC_reg[23]) is unused and will be removed from module Basys3CPU.
WARNING: [Synth 8-3332] Sequential element (uCPUTOP/uPC/currentPC_reg[22]) is unused and will be removed from module Basys3CPU.
WARNING: [Synth 8-3332] Sequential element (uCPUTOP/uPC/currentPC_reg[21]) is unused and will be removed from module Basys3CPU.
WARNING: [Synth 8-3332] Sequential element (uCPUTOP/uPC/currentPC_reg[20]) is unused and will be removed from module Basys3CPU.
WARNING: [Synth 8-3332] Sequential element (uCPUTOP/uPC/currentPC_reg[19]) is unused and will be removed from module Basys3CPU.
WARNING: [Synth 8-3332] Sequential element (uCPUTOP/uPC/currentPC_reg[18]) is unused and will be removed from module Basys3CPU.
WARNING: [Synth 8-3332] Sequential element (uCPUTOP/uPC/currentPC_reg[17]) is unused and will be removed from module Basys3CPU.
WARNING: [Synth 8-3332] Sequential element (uCPUTOP/uPC/currentPC_reg[16]) is unused and will be removed from module Basys3CPU.
WARNING: [Synth 8-3332] Sequential element (uCPUTOP/uPC/currentPC_reg[15]) is unused and will be removed from module Basys3CPU.
WARNING: [Synth 8-3332] Sequential element (uCPUTOP/uPC/currentPC_reg[14]) is unused and will be removed from module Basys3CPU.
WARNING: [Synth 8-3332] Sequential element (uCPUTOP/uPC/currentPC_reg[13]) is unused and will be removed from module Basys3CPU.
WARNING: [Synth 8-3332] Sequential element (uCPUTOP/uPC/currentPC_reg[12]) is unused and will be removed from module Basys3CPU.
WARNING: [Synth 8-3332] Sequential element (uCPUTOP/uPC/currentPC_reg[11]) is unused and will be removed from module Basys3CPU.
WARNING: [Synth 8-3332] Sequential element (uCPUTOP/uPC/currentPC_reg[10]) is unused and will be removed from module Basys3CPU.
WARNING: [Synth 8-3332] Sequential element (uCPUTOP/uPC/currentPC_reg[9]) is unused and will be removed from module Basys3CPU.
WARNING: [Synth 8-3332] Sequential element (uCPUTOP/uPC/currentPC_reg[8]) is unused and will be removed from module Basys3CPU.
INFO: [Synth 8-3886] merging instance 'uCPUTOP/uControlUnit/RegDst_reg' (LD) to 'uCPUTOP/uControlUnit/ALUOp_reg[1]'
---------------------------------------------------------------------------------
Finished Cross Boundary and Area Optimization : Time (s): cpu = 00:00:26 ; elapsed = 00:00:27 . Memory (MB): peak = 732.836 ; gain = 489.109
---------------------------------------------------------------------------------
---------------------------------------------------------------------------------
Start ROM, RAM, DSP and Shift Register Reporting
---------------------------------------------------------------------------------

Distributed RAM: Preliminary Mapping  Report (see note below)
+------------+-------------------------------------+-----------+----------------------+---------------+
|Module Name | RTL Object                          | Inference | Size (Depth x Width) | Primitives    | 
+------------+-------------------------------------+-----------+----------------------+---------------+
|Basys3CPU   | uCPUTOP/uRegisters/registerFile_reg | Implied   | 32 x 32              | RAM32M x 12   | 
+------------+-------------------------------------+-----------+----------------------+---------------+

Note: The table above is a preliminary report that shows the Distributed RAMs at the current stage of the synthesis flow. Some Distributed RAMs may be reimplemented as non Distributed RAM primitives later in the synthesis flow. Multiple instantiated RAMs are reported only once.
---------------------------------------------------------------------------------
Finished ROM, RAM, DSP and Shift Register Reporting
---------------------------------------------------------------------------------

Report RTL Partitions: 
+-+--------------+------------+----------+
| |RTL Partition |Replication |Instances |
+-+--------------+------------+----------+
+-+--------------+------------+----------+
---------------------------------------------------------------------------------
Start Applying XDC Timing Constraints
---------------------------------------------------------------------------------
---------------------------------------------------------------------------------
Finished Applying XDC Timing Constraints : Time (s): cpu = 00:00:34 ; elapsed = 00:00:35 . Memory (MB): peak = 759.113 ; gain = 515.387
---------------------------------------------------------------------------------
---------------------------------------------------------------------------------
Start Timing Optimization
---------------------------------------------------------------------------------
---------------------------------------------------------------------------------
Finished Timing Optimization : Time (s): cpu = 00:00:34 ; elapsed = 00:00:36 . Memory (MB): peak = 760.781 ; gain = 517.055
---------------------------------------------------------------------------------
---------------------------------------------------------------------------------
Start ROM, RAM, DSP and Shift Register Reporting
---------------------------------------------------------------------------------

Distributed RAM: Final Mapping  Report
+------------+-------------------------------------+-----------+----------------------+---------------+
|Module Name | RTL Object                          | Inference | Size (Depth x Width) | Primitives    | 
+------------+-------------------------------------+-----------+----------------------+---------------+
|Basys3CPU   | uCPUTOP/uRegisters/registerFile_reg | Implied   | 32 x 32              | RAM32M x 12   | 
+------------+-------------------------------------+-----------+----------------------+---------------+

---------------------------------------------------------------------------------
Finished ROM, RAM, DSP and Shift Register Reporting
---------------------------------------------------------------------------------

Report RTL Partitions: 
+-+--------------+------------+----------+
| |RTL Partition |Replication |Instances |
+-+--------------+------------+----------+
+-+--------------+------------+----------+
---------------------------------------------------------------------------------
Start Technology Mapping
---------------------------------------------------------------------------------
WARNING: [Synth 8-3332] Sequential element (uCPUTOP/uPC/currentPC_reg[0]) is unused and will be removed from module Basys3CPU.
---------------------------------------------------------------------------------
Finished Technology Mapping : Time (s): cpu = 00:00:35 ; elapsed = 00:00:36 . Memory (MB): peak = 800.676 ; gain = 556.949
---------------------------------------------------------------------------------

Report RTL Partitions: 
+-+--------------+------------+----------+
| |RTL Partition |Replication |Instances |
+-+--------------+------------+----------+
+-+--------------+------------+----------+
---------------------------------------------------------------------------------
Start IO Insertion
---------------------------------------------------------------------------------
---------------------------------------------------------------------------------
Start Flattening Before IO Insertion
---------------------------------------------------------------------------------
---------------------------------------------------------------------------------
Finished Flattening Before IO Insertion
---------------------------------------------------------------------------------
---------------------------------------------------------------------------------
Start Final Netlist Cleanup
---------------------------------------------------------------------------------
---------------------------------------------------------------------------------
Finished Final Netlist Cleanup
---------------------------------------------------------------------------------
---------------------------------------------------------------------------------
Finished IO Insertion : Time (s): cpu = 00:00:36 ; elapsed = 00:00:37 . Memory (MB): peak = 800.676 ; gain = 556.949
---------------------------------------------------------------------------------

Report Check Netlist: 
+------+------------------+-------+---------+-------+------------------+
|      |Item              |Errors |Warnings |Status |Description       |
+------+------------------+-------+---------+-------+------------------+
|1     |multi_driven_nets |      0|        0|Passed |Multi driven nets |
+------+------------------+-------+---------+-------+------------------+
---------------------------------------------------------------------------------
Start Renaming Generated Instances
---------------------------------------------------------------------------------
---------------------------------------------------------------------------------
Finished Renaming Generated Instances : Time (s): cpu = 00:00:36 ; elapsed = 00:00:37 . Memory (MB): peak = 800.676 ; gain = 556.949
---------------------------------------------------------------------------------

Report RTL Partitions: 
+-+--------------+------------+----------+
| |RTL Partition |Replication |Instances |
+-+--------------+------------+----------+
+-+--------------+------------+----------+
---------------------------------------------------------------------------------
Start Rebuilding User Hierarchy
---------------------------------------------------------------------------------
---------------------------------------------------------------------------------
Finished Rebuilding User Hierarchy : Time (s): cpu = 00:00:36 ; elapsed = 00:00:37 . Memory (MB): peak = 800.676 ; gain = 556.949
---------------------------------------------------------------------------------
---------------------------------------------------------------------------------
Start Renaming Generated Ports
---------------------------------------------------------------------------------
---------------------------------------------------------------------------------
Finished Renaming Generated Ports : Time (s): cpu = 00:00:36 ; elapsed = 00:00:37 . Memory (MB): peak = 800.676 ; gain = 556.949
---------------------------------------------------------------------------------
---------------------------------------------------------------------------------
Start Handling Custom Attributes
---------------------------------------------------------------------------------
---------------------------------------------------------------------------------
Finished Handling Custom Attributes : Time (s): cpu = 00:00:36 ; elapsed = 00:00:37 . Memory (MB): peak = 800.676 ; gain = 556.949
---------------------------------------------------------------------------------
---------------------------------------------------------------------------------
Start Renaming Generated Nets
---------------------------------------------------------------------------------
---------------------------------------------------------------------------------
Finished Renaming Generated Nets : Time (s): cpu = 00:00:36 ; elapsed = 00:00:37 . Memory (MB): peak = 800.676 ; gain = 556.949
---------------------------------------------------------------------------------
---------------------------------------------------------------------------------
Start Writing Synthesis Report
---------------------------------------------------------------------------------

Report BlackBoxes: 
+-+--------------+----------+
| |BlackBox name |Instances |
+-+--------------+----------+
+-+--------------+----------+

Report Cell Usage: 
+------+-------+------+
|      |Cell   |Count |
+------+-------+------+
|1     |BUFG   |     3|
|2     |CARRY4 |    39|
|3     |LUT1   |     7|
|4     |LUT2   |    48|
|5     |LUT3   |    95|
|6     |LUT4   |    98|
|7     |LUT5   |   152|
|8     |LUT6   |   743|
|9     |MUXF7  |   160|
|10    |MUXF8  |    80|
|11    |RAM32M |    12|
|12    |FDRE   |   454|
|13    |FDSE   |     1|
|14    |LD     |    55|
|15    |IBUF   |     2|
|16    |OBUF   |    12|
+------+-------+------+

Report Instance Areas: 
+------+-------------------+----------------+------+
|      |Instance           |Module          |Cells |
+------+-------------------+----------------+------+
|1     |top                |                |  1961|
|2     |  uButton_Debounce |Button_Debounce |    53|
|3     |    t_20ms         |ClockDivisor    |    50|
|4     |  uCPUTOP          |CPUTOP          |  1842|
|5     |    uALU           |ALU             |   268|
|6     |    uALUControl    |ALUControl      |    76|
|7     |    uControlUnit   |ControlUnit     |    12|
|8     |    uDataMemory    |DataMemory      |  1139|
|9     |    uPC            |PC              |   279|
|10    |    uRegisters     |Registers       |    66|
|11    |  usmg             |smg             |    49|
|12    |    uclkDiv        |clkDiv          |    41|
|13    |    ucounter4      |counter4        |     8|
+------+-------------------+----------------+------+
---------------------------------------------------------------------------------
Finished Writing Synthesis Report : Time (s): cpu = 00:00:36 ; elapsed = 00:00:37 . Memory (MB): peak = 800.676 ; gain = 556.949
---------------------------------------------------------------------------------
Synthesis finished with 0 errors, 0 critical warnings and 68 warnings.
Synthesis Optimization Runtime : Time (s): cpu = 00:00:23 ; elapsed = 00:00:31 . Memory (MB): peak = 800.676 ; gain = 221.492
Synthesis Optimization Complete : Time (s): cpu = 00:00:36 ; elapsed = 00:00:37 . Memory (MB): peak = 800.676 ; gain = 556.949
INFO: [Project 1-571] Translating synthesized netlist
INFO: [Netlist 29-17] Analyzing 348 Unisim elements for replacement
INFO: [Netlist 29-28] Unisim Transformation completed in 0 CPU seconds
INFO: [Project 1-570] Preparing netlist for logic optimization
INFO: [Opt 31-138] Pushed 0 inverter(s) to 0 load pin(s).
INFO: [Project 1-111] Unisim Transformation Summary:
  A total of 67 instances were transformed.
  LD => LDCE: 55 instances
  RAM32M => RAM32M (RAMD32, RAMD32, RAMD32, RAMD32, RAMD32, RAMD32, RAMS32, RAMS32): 12 instances

INFO: [Common 17-83] Releasing license: Synthesis
63 Infos, 69 Warnings, 0 Critical Warnings and 0 Errors encountered.
synth_design completed successfully
synth_design: Time (s): cpu = 00:00:38 ; elapsed = 00:00:41 . Memory (MB): peak = 800.676 ; gain = 569.766
INFO: [Common 17-1381] The checkpoint 'D:/vivadoProject/SingleCycleCpu/SingleCycleCpu.runs/synth_1/Basys3CPU.dcp' has been generated.
INFO: [runtcl-4] Executing : report_utilization -file Basys3CPU_utilization_synth.rpt -pb Basys3CPU_utilization_synth.pb
report_utilization: Time (s): cpu = 00:00:00 ; elapsed = 00:00:00.027 . Memory (MB): peak = 800.676 ; gain = 0.000
INFO: [Common 17-206] Exiting Vivado at Fri Nov 27 13:39:01 2020...
