Copyright 1986-2017 Xilinx, Inc. All Rights Reserved.
-------------------------------------------------------------------------------------------------------------------------------------------------
| Tool Version     : Vivado v.2017.4 (win64) Build 2086221 Fri Dec 15 20:55:39 MST 2017
| Date             : Fri Nov 27 13:40:01 2020
| Host             : DESKTOP-HSQ0OLI running 64-bit major release  (build 9200)
| Command          : report_power -file Basys3CPU_power_routed.rpt -pb Basys3CPU_power_summary_routed.pb -rpx Basys3CPU_power_routed.rpx
| Design           : Basys3CPU
| Device           : xc7a35tcpg236-1
| Design State     : routed
| Grade            : commercial
| Process          : typical
| Characterization : Production
-------------------------------------------------------------------------------------------------------------------------------------------------

Power Report

Table of Contents
-----------------
1. Summary
1.1 On-Chip Components
1.2 Power Supply Summary
1.3 Confidence Level
2. Settings
2.1 Environment
2.2 Clock Constraints
3. Detailed Reports
3.1 By Hierarchy

1. Summary
----------

+--------------------------+----------------------------------+
| Total On-Chip Power (W)  | 29.765 (Junction temp exceeded!) |
| Design Power Budget (W)  | Unspecified*                     |
| Power Budget Margin (W)  | NA                               |
| Dynamic (W)              | 29.279                           |
| Device Static (W)        | 0.486                            |
| Effective TJA (C/W)      | 5.0                              |
| Max Ambient (C)          | 0.0                              |
| Junction Temperature (C) | 125.0                            |
| Confidence Level         | Low                              |
| Setting File             | ---                              |
| Simulation Activity File | ---                              |
| Design Nets Matched      | NA                               |
+--------------------------+----------------------------------+
* Specify Design Power Budget using, set_operating_conditions -design_power_budget <value in Watts>


1.1 On-Chip Components
----------------------

+--------------------------+-----------+----------+-----------+-----------------+
| On-Chip                  | Power (W) | Used     | Available | Utilization (%) |
+--------------------------+-----------+----------+-----------+-----------------+
| Slice Logic              |     1.850 |     2050 |       --- |             --- |
|   LUT as Logic           |     1.752 |     1050 |     20800 |            5.05 |
|   CARRY4                 |     0.072 |       39 |      8150 |            0.48 |
|   Register               |     0.014 |      510 |     41600 |            1.23 |
|   BUFG                   |     0.012 |        3 |        32 |            9.38 |
|   LUT as Distributed RAM |    <0.001 |       48 |      9600 |            0.50 |
|   F7/F8 Muxes            |    <0.001 |      240 |     32600 |            0.74 |
|   Others                 |     0.000 |       22 |       --- |             --- |
| Signals                  |     2.154 |     1391 |       --- |             --- |
| I/O                      |    25.276 |       14 |       106 |           13.21 |
| Static Power             |     0.486 |          |           |                 |
| Total                    |    29.765 |          |           |                 |
+--------------------------+-----------+----------+-----------+-----------------+


1.2 Power Supply Summary
------------------------

+-----------+-------------+-----------+-------------+------------+
| Source    | Voltage (V) | Total (A) | Dynamic (A) | Static (A) |
+-----------+-------------+-----------+-------------+------------+
| Vccint    |       1.000 |     4.352 |       4.011 |      0.341 |
| Vccaux    |       1.800 |     0.979 |       0.926 |      0.053 |
| Vcco33    |       3.300 |     7.153 |       7.152 |      0.001 |
| Vcco25    |       2.500 |     0.000 |       0.000 |      0.000 |
| Vcco18    |       1.800 |     0.000 |       0.000 |      0.000 |
| Vcco15    |       1.500 |     0.000 |       0.000 |      0.000 |
| Vcco135   |       1.350 |     0.000 |       0.000 |      0.000 |
| Vcco12    |       1.200 |     0.000 |       0.000 |      0.000 |
| Vccaux_io |       1.800 |     0.000 |       0.000 |      0.000 |
| Vccbram   |       1.000 |     0.010 |       0.000 |      0.010 |
| MGTAVcc   |       1.000 |     0.000 |       0.000 |      0.000 |
| MGTAVtt   |       1.200 |     0.000 |       0.000 |      0.000 |
| Vccadc    |       1.800 |     0.020 |       0.000 |      0.020 |
+-----------+-------------+-----------+-------------+------------+


1.3 Confidence Level
--------------------

+-----------------------------+------------+--------------------------------------------------------+--------------------------------------------------------------------------------------------------------------------+
| User Input Data             | Confidence | Details                                                | Action                                                                                                             |
+-----------------------------+------------+--------------------------------------------------------+--------------------------------------------------------------------------------------------------------------------+
| Design implementation state | High       | Design is routed                                       |                                                                                                                    |
| Clock nodes activity        | Low        | User specified less than 75% of clocks                 | Provide missing clock activity with a constraint file, simulation results or by editing the "By Clock Domain" view |
| I/O nodes activity          | Low        | More than 75% of inputs are missing user specification | Provide missing input activity with simulation results or by editing the "By Resource Type -> I/Os" view           |
| Internal nodes activity     | Medium     | User specified less than 25% of internal nodes         | Provide missing internal nodes activity with simulation results or by editing the "By Resource Type" views         |
| Device models               | High       | Device models are Production                           |                                                                                                                    |
|                             |            |                                                        |                                                                                                                    |
| Overall confidence level    | Low        |                                                        |                                                                                                                    |
+-----------------------------+------------+--------------------------------------------------------+--------------------------------------------------------------------------------------------------------------------+


2. Settings
-----------

2.1 Environment
---------------

+-----------------------+--------------------------+
| Ambient Temp (C)      | 25.0                     |
| ThetaJA (C/W)         | 5.0                      |
| Airflow (LFM)         | 250                      |
| Heat Sink             | medium (Medium Profile)  |
| ThetaSA (C/W)         | 4.6                      |
| Board Selection       | medium (10"x10")         |
| # of Board Layers     | 12to15 (12 to 15 Layers) |
| Board Temperature (C) | 25.0                     |
+-----------------------+--------------------------+


2.2 Clock Constraints
---------------------

+-------+--------+-----------------+
| Clock | Domain | Constraint (ns) |
+-------+--------+-----------------+


3. Detailed Reports
-------------------

3.1 By Hierarchy
----------------

+--------------------------------------+-----------+
| Name                                 | Power (W) |
+--------------------------------------+-----------+
| Basys3CPU                            |    29.279 |
|   uButton_Debounce                   |     0.046 |
|     t_20ms                           |     0.038 |
|   uCPUTOP                            |     3.715 |
|     uALU                             |     0.110 |
|     uALUControl                      |     0.059 |
|     uControlUnit                     |     0.084 |
|     uDataMemory                      |     0.352 |
|     uPC                              |     2.957 |
|     uRegisters                       |     0.125 |
|       registerFile_reg_r1_0_31_0_5   |    <0.001 |
|       registerFile_reg_r1_0_31_12_17 |    <0.001 |
|       registerFile_reg_r1_0_31_18_23 |    <0.001 |
|       registerFile_reg_r1_0_31_24_29 |    <0.001 |
|       registerFile_reg_r1_0_31_30_31 |    <0.001 |
|       registerFile_reg_r1_0_31_6_11  |    <0.001 |
|       registerFile_reg_r2_0_31_0_5   |    <0.001 |
|       registerFile_reg_r2_0_31_12_17 |    <0.001 |
|       registerFile_reg_r2_0_31_18_23 |    <0.001 |
|       registerFile_reg_r2_0_31_24_29 |    <0.001 |
|       registerFile_reg_r2_0_31_30_31 |    <0.001 |
|       registerFile_reg_r2_0_31_6_11  |    <0.001 |
|   usmg                               |     0.180 |
|     uclkDiv                          |     0.038 |
|     ucounter4                        |     0.143 |
+--------------------------------------+-----------+


