
*** Running vivado
    with args -log Basys3CPU.vds -m64 -product Vivado -mode batch -messageDb vivado.pb -notrace -source Basys3CPU.tcl


****** Vivado v2017.4 (64-bit)
  **** SW Build 2086221 on Fri Dec 15 20:55:39 MST 2017
  **** IP Build 2085800 on Fri Dec 15 22:25:07 MST 2017
    ** Copyright 1986-2017 Xilinx, Inc. All Rights Reserved.

source Basys3CPU.tcl -notrace
Command: synth_design -top Basys3CPU -part xc7a35tcpg236-1
Starting synth_design
Attempting to get a license for feature 'Synthesis' and/or device 'xc7a35t'
INFO: [Common 17-349] Got license for feature 'Synthesis' and/or device 'xc7a35t'
INFO: Launching helper process for spawning children vivado processes
INFO: Helper process launched with PID 10632 
---------------------------------------------------------------------------------
Starting RTL Elaboration : Time (s): cpu = 00:00:07 ; elapsed = 00:00:09 . Memory (MB): peak = 344.609 ; gain = 101.277
---------------------------------------------------------------------------------
INFO: [Synth 8-638] synthesizing module 'Basys3CPU' [D:/vivadoProject/SingleCycleCpu/SingleCycleCpu.srcs/sources_1/new/Basys3CPU.v:23]
INFO: [Synth 8-638] synthesizing module 'CPUTOP' [D:/vivadoProject/SingleCycleCpu/SingleCycleCpu.srcs/sources_1/new/CPUTOP.v:23]
INFO: [Synth 8-638] synthesizing module 'PC' [D:/vivadoProject/SingleCycleCpu/SingleCycleCpu.srcs/sources_1/new/PC.v:23]
INFO: [Synth 8-256] done synthesizing module 'PC' (1#1) [D:/vivadoProject/SingleCycleCpu/SingleCycleCpu.srcs/sources_1/new/PC.v:23]
INFO: [Synth 8-638] synthesizing module 'InstructionMemory' [D:/vivadoProject/SingleCycleCpu/SingleCycleCpu.srcs/sources_1/new/InstructionMemory.v:23]
INFO: [Synth 8-3876] $readmem data file 'D:/vivadoProject/SingleCycleCpu/SingleCycleCpu.srcs/sources_1/new/sortInstruction.txt' is read successfully [D:/vivadoProject/SingleCycleCpu/SingleCycleCpu.srcs/sources_1/new/InstructionMemory.v:29]
INFO: [Synth 8-256] done synthesizing module 'InstructionMemory' (2#1) [D:/vivadoProject/SingleCycleCpu/SingleCycleCpu.srcs/sources_1/new/InstructionMemory.v:23]
INFO: [Synth 8-638] synthesizing module 'ControlUnit' [D:/vivadoProject/SingleCycleCpu/SingleCycleCpu.srcs/sources_1/new/ControlUnit.v:23]
INFO: [Synth 8-155] case statement is not full and has no default [D:/vivadoProject/SingleCycleCpu/SingleCycleCpu.srcs/sources_1/new/ControlUnit.v:49]
INFO: [Synth 8-256] done synthesizing module 'ControlUnit' (3#1) [D:/vivadoProject/SingleCycleCpu/SingleCycleCpu.srcs/sources_1/new/ControlUnit.v:23]
INFO: [Synth 8-638] synthesizing module 'Registers' [D:/vivadoProject/SingleCycleCpu/SingleCycleCpu.srcs/sources_1/new/Registers.v:23]
INFO: [Synth 8-256] done synthesizing module 'Registers' (4#1) [D:/vivadoProject/SingleCycleCpu/SingleCycleCpu.srcs/sources_1/new/Registers.v:23]
INFO: [Synth 8-638] synthesizing module 'SignExtend' [D:/vivadoProject/SingleCycleCpu/SingleCycleCpu.srcs/sources_1/new/SignExtend.v:23]
INFO: [Synth 8-256] done synthesizing module 'SignExtend' (5#1) [D:/vivadoProject/SingleCycleCpu/SingleCycleCpu.srcs/sources_1/new/SignExtend.v:23]
INFO: [Synth 8-638] synthesizing module 'ALUControl' [D:/vivadoProject/SingleCycleCpu/SingleCycleCpu.srcs/sources_1/new/ALUControl.v:23]
INFO: [Synth 8-155] case statement is not full and has no default [D:/vivadoProject/SingleCycleCpu/SingleCycleCpu.srcs/sources_1/new/ALUControl.v:30]
INFO: [Synth 8-256] done synthesizing module 'ALUControl' (6#1) [D:/vivadoProject/SingleCycleCpu/SingleCycleCpu.srcs/sources_1/new/ALUControl.v:23]
INFO: [Synth 8-638] synthesizing module 'ALU' [D:/vivadoProject/SingleCycleCpu/SingleCycleCpu.srcs/sources_1/new/ALU.v:23]
INFO: [Synth 8-155] case statement is not full and has no default [D:/vivadoProject/SingleCycleCpu/SingleCycleCpu.srcs/sources_1/new/ALU.v:34]
INFO: [Synth 8-256] done synthesizing module 'ALU' (7#1) [D:/vivadoProject/SingleCycleCpu/SingleCycleCpu.srcs/sources_1/new/ALU.v:23]
INFO: [Synth 8-638] synthesizing module 'DataMemory' [D:/vivadoProject/SingleCycleCpu/SingleCycleCpu.srcs/sources_1/new/DataMemory.v:23]
INFO: [Synth 8-256] done synthesizing module 'DataMemory' (8#1) [D:/vivadoProject/SingleCycleCpu/SingleCycleCpu.srcs/sources_1/new/DataMemory.v:23]
INFO: [Synth 8-256] done synthesizing module 'CPUTOP' (9#1) [D:/vivadoProject/SingleCycleCpu/SingleCycleCpu.srcs/sources_1/new/CPUTOP.v:23]
INFO: [Synth 8-638] synthesizing module 'dataSelect' [D:/vivadoProject/SingleCycleCpu/SingleCycleCpu.srcs/sources_1/new/dataSelect.v:23]
INFO: [Synth 8-256] done synthesizing module 'dataSelect' (10#1) [D:/vivadoProject/SingleCycleCpu/SingleCycleCpu.srcs/sources_1/new/dataSelect.v:23]
INFO: [Synth 8-638] synthesizing module 'smg' [D:/vivadoProject/SingleCycleCpu/SingleCycleCpu.srcs/sources_1/new/smg.v:23]
INFO: [Synth 8-638] synthesizing module 'clkDiv' [D:/vivadoProject/SingleCycleCpu/SingleCycleCpu.srcs/sources_1/new/clkDiv.v:23]
INFO: [Synth 8-256] done synthesizing module 'clkDiv' (11#1) [D:/vivadoProject/SingleCycleCpu/SingleCycleCpu.srcs/sources_1/new/clkDiv.v:23]
INFO: [Synth 8-638] synthesizing module 'counter4' [D:/vivadoProject/SingleCycleCpu/SingleCycleCpu.srcs/sources_1/new/counter4.v:23]
INFO: [Synth 8-256] done synthesizing module 'counter4' (12#1) [D:/vivadoProject/SingleCycleCpu/SingleCycleCpu.srcs/sources_1/new/counter4.v:23]
INFO: [Synth 8-638] synthesizing module 'smgMux' [D:/vivadoProject/SingleCycleCpu/SingleCycleCpu.srcs/sources_1/new/smgMux.v:23]
INFO: [Synth 8-256] done synthesizing module 'smgMux' (13#1) [D:/vivadoProject/SingleCycleCpu/SingleCycleCpu.srcs/sources_1/new/smgMux.v:23]
INFO: [Synth 8-638] synthesizing module 'HexToSeg' [D:/vivadoProject/SingleCycleCpu/SingleCycleCpu.srcs/sources_1/new/HexToSeg.v:23]
INFO: [Synth 8-226] default block is never used [D:/vivadoProject/SingleCycleCpu/SingleCycleCpu.srcs/sources_1/new/HexToSeg.v:29]
INFO: [Synth 8-256] done synthesizing module 'HexToSeg' (14#1) [D:/vivadoProject/SingleCycleCpu/SingleCycleCpu.srcs/sources_1/new/HexToSeg.v:23]
INFO: [Synth 8-256] done synthesizing module 'smg' (15#1) [D:/vivadoProject/SingleCycleCpu/SingleCycleCpu.srcs/sources_1/new/smg.v:23]
INFO: [Synth 8-256] done synthesizing module 'Basys3CPU' (16#1) [D:/vivadoProject/SingleCycleCpu/SingleCycleCpu.srcs/sources_1/new/Basys3CPU.v:23]
---------------------------------------------------------------------------------
Finished RTL Elaboration : Time (s): cpu = 00:00:08 ; elapsed = 00:00:11 . Memory (MB): peak = 399.352 ; gain = 156.020
---------------------------------------------------------------------------------

Report Check Netlist: 
+------+------------------+-------+---------+-------+------------------+
|      |Item              |Errors |Warnings |Status |Description       |
+------+------------------+-------+---------+-------+------------------+
|1     |multi_driven_nets |      0|        0|Passed |Multi driven nets |
+------+------------------+-------+---------+-------+------------------+
---------------------------------------------------------------------------------
Finished RTL Optimization Phase 1 : Time (s): cpu = 00:00:08 ; elapsed = 00:00:11 . Memory (MB): peak = 399.352 ; gain = 156.020
---------------------------------------------------------------------------------
INFO: [Device 21-403] Loading part xc7a35tcpg236-1
INFO: [Project 1-570] Preparing netlist for logic optimization

Processing XDC Constraints
Initializing timing engine
Parsing XDC File [D:/vivadoProject/SingleCycleCpu/SingleCycleCpu.srcs/constrs_1/new/CPU.xdc]
WARNING: [Vivado 12-663] port, pin or net 'get_ports' not found. [D:/vivadoProject/SingleCycleCpu/SingleCycleCpu.srcs/constrs_1/new/CPU.xdc:33]
INFO: [Vivado 12-2286] Implicit search of objects for pattern 'basys3Clk' matched to 'port' objects. [D:/vivadoProject/SingleCycleCpu/SingleCycleCpu.srcs/constrs_1/new/CPU.xdc:33]
Resolution: To avoid ambiguous patterns, provide proper objects using get commands e.g. [get_nets xyz].
Finished Parsing XDC File [D:/vivadoProject/SingleCycleCpu/SingleCycleCpu.srcs/constrs_1/new/CPU.xdc]
INFO: [Project 1-236] Implementation specific constraints were found while reading constraint file [D:/vivadoProject/SingleCycleCpu/SingleCycleCpu.srcs/constrs_1/new/CPU.xdc]. These constraints will be ignored for synthesis but will be used in implementation. Impacted constraints are listed in the file [.Xil/Basys3CPU_propImpl.xdc].
Resolution: To avoid this warning, move constraints listed in [.Xil/Basys3CPU_propImpl.xdc] to another XDC file and exclude this new file from synthesis with the used_in_synthesis property (File Properties dialog in GUI) and re-run elaboration/synthesis.
Completed Processing XDC Constraints

INFO: [Project 1-111] Unisim Transformation Summary:
No Unisim elements were transformed.

Constraint Validation Runtime : Time (s): cpu = 00:00:00 ; elapsed = 00:00:00.016 . Memory (MB): peak = 744.078 ; gain = 0.000
---------------------------------------------------------------------------------
Finished Constraint Validation : Time (s): cpu = 00:00:21 ; elapsed = 00:00:30 . Memory (MB): peak = 744.078 ; gain = 500.746
---------------------------------------------------------------------------------
---------------------------------------------------------------------------------
Start Loading Part and Timing Information
---------------------------------------------------------------------------------
Loading part: xc7a35tcpg236-1
---------------------------------------------------------------------------------
Finished Loading Part and Timing Information : Time (s): cpu = 00:00:21 ; elapsed = 00:00:30 . Memory (MB): peak = 744.078 ; gain = 500.746
---------------------------------------------------------------------------------
---------------------------------------------------------------------------------
Start Applying 'set_property' XDC Constraints
---------------------------------------------------------------------------------
---------------------------------------------------------------------------------
Finished applying 'set_property' XDC Constraints : Time (s): cpu = 00:00:21 ; elapsed = 00:00:30 . Memory (MB): peak = 744.078 ; gain = 500.746
---------------------------------------------------------------------------------
INFO: [Synth 8-5546] ROM "memoryROM" won't be mapped to RAM because it is too sparse
INFO: [Synth 8-5546] ROM "memoryROM" won't be mapped to RAM because it is too sparse
INFO: [Synth 8-5546] ROM "memoryROM" won't be mapped to RAM because it is too sparse
INFO: [Synth 8-5546] ROM "memoryROM" won't be mapped to RAM because it is too sparse
INFO: [Synth 8-5546] ROM "RegDst" won't be mapped to RAM because it is too sparse
INFO: [Synth 8-5545] ROM "zero0" won't be mapped to RAM because address size (32) is larger than maximum supported(25)
INFO: [Synth 8-5545] ROM "zero0" won't be mapped to RAM because address size (32) is larger than maximum supported(25)
WARNING: [Synth 8-6014] Unused sequential element div_counter_reg was removed.  [D:/vivadoProject/SingleCycleCpu/SingleCycleCpu.srcs/sources_1/new/clkDiv.v:30]
WARNING: [Synth 8-327] inferring latch for variable 'RegDst_reg' [D:/vivadoProject/SingleCycleCpu/SingleCycleCpu.srcs/sources_1/new/ControlUnit.v:51]
WARNING: [Synth 8-327] inferring latch for variable 'Jump_reg' [D:/vivadoProject/SingleCycleCpu/SingleCycleCpu.srcs/sources_1/new/ControlUnit.v:59]
WARNING: [Synth 8-327] inferring latch for variable 'Branch_reg' [D:/vivadoProject/SingleCycleCpu/SingleCycleCpu.srcs/sources_1/new/ControlUnit.v:57]
WARNING: [Synth 8-327] inferring latch for variable 'MemtoReg_reg' [D:/vivadoProject/SingleCycleCpu/SingleCycleCpu.srcs/sources_1/new/ControlUnit.v:53]
WARNING: [Synth 8-327] inferring latch for variable 'ALUOp_reg' [D:/vivadoProject/SingleCycleCpu/SingleCycleCpu.srcs/sources_1/new/ControlUnit.v:58]
WARNING: [Synth 8-327] inferring latch for variable 'MemWrite_reg' [D:/vivadoProject/SingleCycleCpu/SingleCycleCpu.srcs/sources_1/new/ControlUnit.v:56]
WARNING: [Synth 8-327] inferring latch for variable 'ALUSrc_reg' [D:/vivadoProject/SingleCycleCpu/SingleCycleCpu.srcs/sources_1/new/ControlUnit.v:52]
WARNING: [Synth 8-327] inferring latch for variable 'RegWrite_reg' [D:/vivadoProject/SingleCycleCpu/SingleCycleCpu.srcs/sources_1/new/ControlUnit.v:54]
WARNING: [Synth 8-327] inferring latch for variable 'ALUControlSingal_reg' [D:/vivadoProject/SingleCycleCpu/SingleCycleCpu.srcs/sources_1/new/ALUControl.v:31]
WARNING: [Synth 8-327] inferring latch for variable 'result_reg' [D:/vivadoProject/SingleCycleCpu/SingleCycleCpu.srcs/sources_1/new/ALU.v:32]
---------------------------------------------------------------------------------
Finished RTL Optimization Phase 2 : Time (s): cpu = 00:00:22 ; elapsed = 00:00:32 . Memory (MB): peak = 744.078 ; gain = 500.746
---------------------------------------------------------------------------------

Report RTL Partitions: 
+------+----------------+------------+----------+
|      |RTL Partition   |Replication |Instances |
+------+----------------+------------+----------+
|1     |DataMemory__GB0 |           1|     62448|
|2     |DataMemory__GB1 |           1|     17449|
|3     |CPUTOP__GC0     |           1|      2958|
|4     |Basys3CPU__GC0  |           1|       573|
+------+----------------+------------+----------+
---------------------------------------------------------------------------------
Start RTL Component Statistics 
---------------------------------------------------------------------------------
Detailed RTL Component Info : 
+---Adders : 
	   2 Input     32 Bit       Adders := 3     
	   3 Input     32 Bit       Adders := 1     
	   2 Input      7 Bit       Adders := 3     
	   2 Input      3 Bit       Adders := 1     
	   2 Input      2 Bit       Adders := 1     
+---XORs : 
	   2 Input     32 Bit         XORs := 1     
+---Registers : 
	               32 Bit    Registers := 2     
	                8 Bit    Registers := 48    
	                3 Bit    Registers := 1     
	                2 Bit    Registers := 1     
	                1 Bit    Registers := 1     
+---RAMs : 
	              992 Bit         RAMs := 1     
+---Muxes : 
	   2 Input     32 Bit        Muxes := 10    
	   4 Input      8 Bit        Muxes := 28    
	   2 Input      8 Bit        Muxes := 46    
	 121 Input      8 Bit        Muxes := 4     
	   2 Input      5 Bit        Muxes := 2     
	  13 Input      4 Bit        Muxes := 1     
	   4 Input      4 Bit        Muxes := 2     
	  10 Input      3 Bit        Muxes := 1     
	   2 Input      3 Bit        Muxes := 2     
	   4 Input      2 Bit        Muxes := 4     
	   2 Input      2 Bit        Muxes := 3     
	   2 Input      1 Bit        Muxes := 45    
	   4 Input      1 Bit        Muxes := 12    
	   5 Input      1 Bit        Muxes := 36    
	  10 Input      1 Bit        Muxes := 7     
	  13 Input      1 Bit        Muxes := 1     
	   9 Input      1 Bit        Muxes := 1     
---------------------------------------------------------------------------------
Finished RTL Component Statistics 
---------------------------------------------------------------------------------
---------------------------------------------------------------------------------
Start RTL Hierarchical Component Statistics 
---------------------------------------------------------------------------------
Hierarchical RTL Component report 
Module DataMemory 
Detailed RTL Component Info : 
+---Registers : 
	                8 Bit    Registers := 48    
+---Muxes : 
	   4 Input      8 Bit        Muxes := 28    
	   2 Input      8 Bit        Muxes := 46    
	   4 Input      2 Bit        Muxes := 4     
	   2 Input      1 Bit        Muxes := 45    
	   4 Input      1 Bit        Muxes := 12    
	   5 Input      1 Bit        Muxes := 36    
Module PC 
Detailed RTL Component Info : 
+---Registers : 
	               32 Bit    Registers := 1     
Module InstructionMemory 
Detailed RTL Component Info : 
+---Adders : 
	   2 Input      7 Bit       Adders := 3     
+---Muxes : 
	 121 Input      8 Bit        Muxes := 4     
Module ControlUnit 
Detailed RTL Component Info : 
+---Muxes : 
	  10 Input      3 Bit        Muxes := 1     
	  10 Input      1 Bit        Muxes := 7     
Module Registers 
Detailed RTL Component Info : 
+---RAMs : 
	              992 Bit         RAMs := 1     
+---Muxes : 
	   2 Input     32 Bit        Muxes := 2     
Module SignExtend 
Detailed RTL Component Info : 
+---Muxes : 
	   2 Input     32 Bit        Muxes := 1     
Module ALUControl 
Detailed RTL Component Info : 
+---Muxes : 
	  13 Input      4 Bit        Muxes := 1     
	  13 Input      1 Bit        Muxes := 1     
Module ALU 
Detailed RTL Component Info : 
+---Adders : 
	   2 Input     32 Bit       Adders := 1     
	   3 Input     32 Bit       Adders := 1     
+---XORs : 
	   2 Input     32 Bit         XORs := 1     
+---Muxes : 
	   2 Input      3 Bit        Muxes := 1     
	   2 Input      2 Bit        Muxes := 2     
	   9 Input      1 Bit        Muxes := 1     
Module CPUTOP 
Detailed RTL Component Info : 
+---Adders : 
	   2 Input     32 Bit       Adders := 2     
+---Muxes : 
	   2 Input     32 Bit        Muxes := 7     
	   2 Input      5 Bit        Muxes := 2     
Module dataSelect 
Detailed RTL Component Info : 
+---Adders : 
	   2 Input      3 Bit       Adders := 1     
+---Registers : 
	               32 Bit    Registers := 1     
	                3 Bit    Registers := 1     
+---Muxes : 
	   2 Input      3 Bit        Muxes := 1     
Module clkDiv 
Detailed RTL Component Info : 
+---Registers : 
	                1 Bit    Registers := 1     
Module counter4 
Detailed RTL Component Info : 
+---Adders : 
	   2 Input      2 Bit       Adders := 1     
+---Registers : 
	                2 Bit    Registers := 1     
+---Muxes : 
	   2 Input      2 Bit        Muxes := 1     
Module smgMux 
Detailed RTL Component Info : 
+---Muxes : 
	   4 Input      4 Bit        Muxes := 1     
Module smg 
Detailed RTL Component Info : 
+---Muxes : 
	   4 Input      4 Bit        Muxes := 1     
---------------------------------------------------------------------------------
Finished RTL Hierarchical Component Statistics
---------------------------------------------------------------------------------
---------------------------------------------------------------------------------
Start Part Resource Summary
---------------------------------------------------------------------------------
Part Resources:
DSPs: 90 (col length:60)
BRAMs: 100 (col length: RAMB18 60 RAMB36 30)
---------------------------------------------------------------------------------
Finished Part Resource Summary
---------------------------------------------------------------------------------
---------------------------------------------------------------------------------
Start Cross Boundary and Area Optimization
---------------------------------------------------------------------------------
INFO: [Synth 8-5545] ROM "p_0_out" won't be mapped to RAM because address size (32) is larger than maximum supported(25)
INFO: [Synth 8-5545] ROM "p_0_out" won't be mapped to RAM because address size (32) is larger than maximum supported(25)
INFO: [Synth 8-5545] ROM "p_0_out" won't be mapped to RAM because address size (32) is larger than maximum supported(25)
INFO: [Synth 8-5545] ROM "zero0" won't be mapped to RAM because address size (32) is larger than maximum supported(25)
INFO: [Synth 8-5545] ROM "zero0" won't be mapped to RAM because address size (32) is larger than maximum supported(25)
WARNING: [Synth 8-3936] Found unconnected internal register 'udataSelect/selectData_reg' and it is trimmed from '32' to '16' bits. [D:/vivadoProject/SingleCycleCpu/SingleCycleCpu.srcs/sources_1/new/dataSelect.v:41]
WARNING: [Synth 8-6014] Unused sequential element usmg/uclkDiv/div_counter_reg was removed.  [D:/vivadoProject/SingleCycleCpu/SingleCycleCpu.srcs/sources_1/new/clkDiv.v:30]
---------------------------------------------------------------------------------
Finished Cross Boundary and Area Optimization : Time (s): cpu = 00:00:43 ; elapsed = 00:00:53 . Memory (MB): peak = 744.078 ; gain = 500.746
---------------------------------------------------------------------------------
---------------------------------------------------------------------------------
Start ROM, RAM, DSP and Shift Register Reporting
---------------------------------------------------------------------------------

Distributed RAM: Preliminary Mapping  Report (see note below)
+------------+-----------------------------+-----------+----------------------+---------------+
|Module Name | RTL Object                  | Inference | Size (Depth x Width) | Primitives    | 
+------------+-----------------------------+-----------+----------------------+---------------+
|Basys3CPU   | uRegisters/registerFile_reg | Implied   | 32 x 32              | RAM32M x 12   | 
+------------+-----------------------------+-----------+----------------------+---------------+

Note: The table above is a preliminary report that shows the Distributed RAMs at the current stage of the synthesis flow. Some Distributed RAMs may be reimplemented as non Distributed RAM primitives later in the synthesis flow. Multiple instantiated RAMs are reported only once.
---------------------------------------------------------------------------------
Finished ROM, RAM, DSP and Shift Register Reporting
---------------------------------------------------------------------------------

Report RTL Partitions: 
+------+----------------+------------+----------+
|      |RTL Partition   |Replication |Instances |
+------+----------------+------------+----------+
|1     |DataMemory__GB0 |           1|      3632|
|2     |DataMemory__GB1 |           1|        53|
|3     |CPUTOP__GC0     |           1|      2031|
|4     |Basys3CPU__GC0  |           1|       273|
+------+----------------+------------+----------+
---------------------------------------------------------------------------------
Start Applying XDC Timing Constraints
---------------------------------------------------------------------------------
---------------------------------------------------------------------------------
Finished Applying XDC Timing Constraints : Time (s): cpu = 00:00:51 ; elapsed = 00:01:02 . Memory (MB): peak = 811.191 ; gain = 567.859
---------------------------------------------------------------------------------
---------------------------------------------------------------------------------
Start Timing Optimization
---------------------------------------------------------------------------------
---------------------------------------------------------------------------------
Finished Timing Optimization : Time (s): cpu = 00:00:56 ; elapsed = 00:01:07 . Memory (MB): peak = 881.219 ; gain = 637.887
---------------------------------------------------------------------------------
---------------------------------------------------------------------------------
Start ROM, RAM, DSP and Shift Register Reporting
---------------------------------------------------------------------------------

Distributed RAM: Final Mapping  Report
+------------+-----------------------------+-----------+----------------------+---------------+
|Module Name | RTL Object                  | Inference | Size (Depth x Width) | Primitives    | 
+------------+-----------------------------+-----------+----------------------+---------------+
|Basys3CPU   | uRegisters/registerFile_reg | Implied   | 32 x 32              | RAM32M x 12   | 
+------------+-----------------------------+-----------+----------------------+---------------+

---------------------------------------------------------------------------------
Finished ROM, RAM, DSP and Shift Register Reporting
---------------------------------------------------------------------------------

Report RTL Partitions: 
+------+----------------+------------+----------+
|      |RTL Partition   |Replication |Instances |
+------+----------------+------------+----------+
|1     |DataMemory__GB1 |           1|        53|
|2     |Basys3CPU__GC0  |           1|       273|
|3     |Basys3CPU_GT0   |           1|      5663|
+------+----------------+------------+----------+
---------------------------------------------------------------------------------
Start Technology Mapping
---------------------------------------------------------------------------------
---------------------------------------------------------------------------------
Finished Technology Mapping : Time (s): cpu = 00:00:58 ; elapsed = 00:01:08 . Memory (MB): peak = 881.219 ; gain = 637.887
---------------------------------------------------------------------------------

Report RTL Partitions: 
+-+--------------+------------+----------+
| |RTL Partition |Replication |Instances |
+-+--------------+------------+----------+
+-+--------------+------------+----------+
---------------------------------------------------------------------------------
Start IO Insertion
---------------------------------------------------------------------------------
---------------------------------------------------------------------------------
Start Flattening Before IO Insertion
---------------------------------------------------------------------------------
---------------------------------------------------------------------------------
Finished Flattening Before IO Insertion
---------------------------------------------------------------------------------
---------------------------------------------------------------------------------
Start Final Netlist Cleanup
---------------------------------------------------------------------------------
---------------------------------------------------------------------------------
Finished Final Netlist Cleanup
---------------------------------------------------------------------------------
---------------------------------------------------------------------------------
Finished IO Insertion : Time (s): cpu = 00:00:59 ; elapsed = 00:01:09 . Memory (MB): peak = 881.219 ; gain = 637.887
---------------------------------------------------------------------------------

Report Check Netlist: 
+------+------------------+-------+---------+-------+------------------+
|      |Item              |Errors |Warnings |Status |Description       |
+------+------------------+-------+---------+-------+------------------+
|1     |multi_driven_nets |      0|        0|Passed |Multi driven nets |
+------+------------------+-------+---------+-------+------------------+
---------------------------------------------------------------------------------
Start Renaming Generated Instances
---------------------------------------------------------------------------------
---------------------------------------------------------------------------------
Finished Renaming Generated Instances : Time (s): cpu = 00:00:59 ; elapsed = 00:01:09 . Memory (MB): peak = 881.219 ; gain = 637.887
---------------------------------------------------------------------------------

Report RTL Partitions: 
+-+--------------+------------+----------+
| |RTL Partition |Replication |Instances |
+-+--------------+------------+----------+
+-+--------------+------------+----------+
---------------------------------------------------------------------------------
Start Rebuilding User Hierarchy
---------------------------------------------------------------------------------
---------------------------------------------------------------------------------
Finished Rebuilding User Hierarchy : Time (s): cpu = 00:00:59 ; elapsed = 00:01:10 . Memory (MB): peak = 881.219 ; gain = 637.887
---------------------------------------------------------------------------------
---------------------------------------------------------------------------------
Start Renaming Generated Ports
---------------------------------------------------------------------------------
---------------------------------------------------------------------------------
Finished Renaming Generated Ports : Time (s): cpu = 00:00:59 ; elapsed = 00:01:10 . Memory (MB): peak = 881.219 ; gain = 637.887
---------------------------------------------------------------------------------
---------------------------------------------------------------------------------
Start Handling Custom Attributes
---------------------------------------------------------------------------------
---------------------------------------------------------------------------------
Finished Handling Custom Attributes : Time (s): cpu = 00:00:59 ; elapsed = 00:01:10 . Memory (MB): peak = 881.219 ; gain = 637.887
---------------------------------------------------------------------------------
---------------------------------------------------------------------------------
Start Renaming Generated Nets
---------------------------------------------------------------------------------
---------------------------------------------------------------------------------
Finished Renaming Generated Nets : Time (s): cpu = 00:00:59 ; elapsed = 00:01:10 . Memory (MB): peak = 881.219 ; gain = 637.887
---------------------------------------------------------------------------------
---------------------------------------------------------------------------------
Start Writing Synthesis Report
---------------------------------------------------------------------------------

Report BlackBoxes: 
+-+--------------+----------+
| |BlackBox name |Instances |
+-+--------------+----------+
+-+--------------+----------+

Report Cell Usage: 
+------+-------+------+
|      |Cell   |Count |
+------+-------+------+
|1     |BUFG   |     3|
|2     |CARRY4 |    43|
|3     |LUT1   |    10|
|4     |LUT2   |    96|
|5     |LUT3   |   206|
|6     |LUT4   |   104|
|7     |LUT5   |   295|
|8     |LUT6   |  1001|
|9     |MUXF7  |   231|
|10    |MUXF8  |    42|
|11    |RAM32M |    12|
|12    |FDRE   |   464|
|13    |LD     |    50|
|14    |IBUF   |     2|
|15    |OBUF   |    12|
+------+-------+------+

Report Instance Areas: 
+------+-----------------+------------+------+
|      |Instance         |Module      |Cells |
+------+-----------------+------------+------+
|1     |top              |            |  2571|
|2     |  uCPUTOP        |CPUTOP      |  2472|
|3     |    uALU         |ALU         |   381|
|4     |    uALUControl  |ALUControl  |    96|
|5     |    uControlUnit |ControlUnit |    52|
|6     |    uDataMemory  |DataMemory  |  1120|
|7     |    uPC          |PC          |   725|
|8     |    uRegisters   |Registers   |    98|
|9     |  udataSelect    |dataSelect  |    33|
|10    |  usmg           |smg         |    49|
|11    |    uclkDiv      |clkDiv      |    41|
|12    |    ucounter4    |counter4    |     8|
+------+-----------------+------------+------+
---------------------------------------------------------------------------------
Finished Writing Synthesis Report : Time (s): cpu = 00:00:59 ; elapsed = 00:01:10 . Memory (MB): peak = 881.219 ; gain = 637.887
---------------------------------------------------------------------------------
Synthesis finished with 0 errors, 0 critical warnings and 13 warnings.
Synthesis Optimization Runtime : Time (s): cpu = 00:00:45 ; elapsed = 00:00:59 . Memory (MB): peak = 881.219 ; gain = 293.160
Synthesis Optimization Complete : Time (s): cpu = 00:00:59 ; elapsed = 00:01:10 . Memory (MB): peak = 881.219 ; gain = 637.887
INFO: [Project 1-571] Translating synthesized netlist
INFO: [Netlist 29-17] Analyzing 380 Unisim elements for replacement
INFO: [Netlist 29-28] Unisim Transformation completed in 0 CPU seconds
INFO: [Project 1-570] Preparing netlist for logic optimization
INFO: [Opt 31-138] Pushed 0 inverter(s) to 0 load pin(s).
INFO: [Project 1-111] Unisim Transformation Summary:
  A total of 62 instances were transformed.
  LD => LDCE: 50 instances
  RAM32M => RAM32M (RAMD32, RAMD32, RAMD32, RAMD32, RAMD32, RAMD32, RAMS32, RAMS32): 12 instances

INFO: [Common 17-83] Releasing license: Synthesis
62 Infos, 14 Warnings, 0 Critical Warnings and 0 Errors encountered.
synth_design completed successfully
synth_design: Time (s): cpu = 00:01:02 ; elapsed = 00:01:15 . Memory (MB): peak = 881.219 ; gain = 650.746
INFO: [Common 17-1381] The checkpoint 'D:/vivadoProject/SingleCycleCpu/SingleCycleCpu.runs/synth_1/Basys3CPU.dcp' has been generated.
INFO: [runtcl-4] Executing : report_utilization -file Basys3CPU_utilization_synth.rpt -pb Basys3CPU_utilization_synth.pb
report_utilization: Time (s): cpu = 00:00:00 ; elapsed = 00:00:00.028 . Memory (MB): peak = 881.219 ; gain = 0.000
INFO: [Common 17-206] Exiting Vivado at Wed Dec  2 13:22:43 2020...
