Copyright 1986-2017 Xilinx, Inc. All Rights Reserved.
-----------------------------------------------------------------------------------------------------------------------------------------------------------------
| Tool Version : Vivado v.2017.4 (win64) Build 2086221 Fri Dec 15 20:55:39 MST 2017
| Date         : Wed Dec  2 13:23:51 2020
| Host         : DESKTOP-HSQ0OLI running 64-bit major release  (build 9200)
| Command      : report_methodology -file Basys3CPU_methodology_drc_routed.rpt -pb Basys3CPU_methodology_drc_routed.pb -rpx Basys3CPU_methodology_drc_routed.rpx
| Design       : Basys3CPU
| Device       : xc7a35tcpg236-1
| Speed File   : -1
| Design State : Routed
-----------------------------------------------------------------------------------------------------------------------------------------------------------------

Report Methodology

Table of Contents
-----------------
1. REPORT SUMMARY
2. REPORT DETAILS

1. REPORT SUMMARY
-----------------
            Netlist: netlist
          Floorplan: design_1
      Design limits: <entire design considered>
             Max violations: <unlimited>
             Violations found: 71
+-----------+----------+-----------------------------+------------+
| Rule      | Severity | Description                 | Violations |
+-----------+----------+-----------------------------+------------+
| TIMING-17 | Warning  | Non-clocked sequential cell | 21         |
| TIMING-20 | Warning  | Non-clocked latch           | 50         |
+-----------+----------+-----------------------------+------------+

2. REPORT DETAILS
-----------------
TIMING-17#1 Warning
Non-clocked sequential cell  
The clock pin udataSelect/count_reg[0]/C is not reached by a timing clock
Related violations: <none>

TIMING-17#2 Warning
Non-clocked sequential cell  
The clock pin udataSelect/count_reg[1]/C is not reached by a timing clock
Related violations: <none>

TIMING-17#3 Warning
Non-clocked sequential cell  
The clock pin udataSelect/count_reg[2]/C is not reached by a timing clock
Related violations: <none>

TIMING-17#4 Warning
Non-clocked sequential cell  
The clock pin udataSelect/selectData_reg[0]/C is not reached by a timing clock
Related violations: <none>

TIMING-17#5 Warning
Non-clocked sequential cell  
The clock pin udataSelect/selectData_reg[10]/C is not reached by a timing clock
Related violations: <none>

TIMING-17#6 Warning
Non-clocked sequential cell  
The clock pin udataSelect/selectData_reg[11]/C is not reached by a timing clock
Related violations: <none>

TIMING-17#7 Warning
Non-clocked sequential cell  
The clock pin udataSelect/selectData_reg[12]/C is not reached by a timing clock
Related violations: <none>

TIMING-17#8 Warning
Non-clocked sequential cell  
The clock pin udataSelect/selectData_reg[13]/C is not reached by a timing clock
Related violations: <none>

TIMING-17#9 Warning
Non-clocked sequential cell  
The clock pin udataSelect/selectData_reg[14]/C is not reached by a timing clock
Related violations: <none>

TIMING-17#10 Warning
Non-clocked sequential cell  
The clock pin udataSelect/selectData_reg[15]/C is not reached by a timing clock
Related violations: <none>

TIMING-17#11 Warning
Non-clocked sequential cell  
The clock pin udataSelect/selectData_reg[1]/C is not reached by a timing clock
Related violations: <none>

TIMING-17#12 Warning
Non-clocked sequential cell  
The clock pin udataSelect/selectData_reg[2]/C is not reached by a timing clock
Related violations: <none>

TIMING-17#13 Warning
Non-clocked sequential cell  
The clock pin udataSelect/selectData_reg[3]/C is not reached by a timing clock
Related violations: <none>

TIMING-17#14 Warning
Non-clocked sequential cell  
The clock pin udataSelect/selectData_reg[4]/C is not reached by a timing clock
Related violations: <none>

TIMING-17#15 Warning
Non-clocked sequential cell  
The clock pin udataSelect/selectData_reg[5]/C is not reached by a timing clock
Related violations: <none>

TIMING-17#16 Warning
Non-clocked sequential cell  
The clock pin udataSelect/selectData_reg[6]/C is not reached by a timing clock
Related violations: <none>

TIMING-17#17 Warning
Non-clocked sequential cell  
The clock pin udataSelect/selectData_reg[7]/C is not reached by a timing clock
Related violations: <none>

TIMING-17#18 Warning
Non-clocked sequential cell  
The clock pin udataSelect/selectData_reg[8]/C is not reached by a timing clock
Related violations: <none>

TIMING-17#19 Warning
Non-clocked sequential cell  
The clock pin udataSelect/selectData_reg[9]/C is not reached by a timing clock
Related violations: <none>

TIMING-17#20 Warning
Non-clocked sequential cell  
The clock pin usmg/ucounter4/count_reg[0]/C is not reached by a timing clock
Related violations: <none>

TIMING-17#21 Warning
Non-clocked sequential cell  
The clock pin usmg/ucounter4/count_reg[1]/C is not reached by a timing clock
Related violations: <none>

TIMING-20#1 Warning
Non-clocked latch  
The latch uCPUTOP/uALU/result_reg[0] cannot be properly analyzed as its control pin uCPUTOP/uALU/result_reg[0]/G is not reached by a timing clock
Related violations: <none>

TIMING-20#2 Warning
Non-clocked latch  
The latch uCPUTOP/uALU/result_reg[10] cannot be properly analyzed as its control pin uCPUTOP/uALU/result_reg[10]/G is not reached by a timing clock
Related violations: <none>

TIMING-20#3 Warning
Non-clocked latch  
The latch uCPUTOP/uALU/result_reg[11] cannot be properly analyzed as its control pin uCPUTOP/uALU/result_reg[11]/G is not reached by a timing clock
Related violations: <none>

TIMING-20#4 Warning
Non-clocked latch  
The latch uCPUTOP/uALU/result_reg[12] cannot be properly analyzed as its control pin uCPUTOP/uALU/result_reg[12]/G is not reached by a timing clock
Related violations: <none>

TIMING-20#5 Warning
Non-clocked latch  
The latch uCPUTOP/uALU/result_reg[13] cannot be properly analyzed as its control pin uCPUTOP/uALU/result_reg[13]/G is not reached by a timing clock
Related violations: <none>

TIMING-20#6 Warning
Non-clocked latch  
The latch uCPUTOP/uALU/result_reg[14] cannot be properly analyzed as its control pin uCPUTOP/uALU/result_reg[14]/G is not reached by a timing clock
Related violations: <none>

TIMING-20#7 Warning
Non-clocked latch  
The latch uCPUTOP/uALU/result_reg[15] cannot be properly analyzed as its control pin uCPUTOP/uALU/result_reg[15]/G is not reached by a timing clock
Related violations: <none>

TIMING-20#8 Warning
Non-clocked latch  
The latch uCPUTOP/uALU/result_reg[16] cannot be properly analyzed as its control pin uCPUTOP/uALU/result_reg[16]/G is not reached by a timing clock
Related violations: <none>

TIMING-20#9 Warning
Non-clocked latch  
The latch uCPUTOP/uALU/result_reg[17] cannot be properly analyzed as its control pin uCPUTOP/uALU/result_reg[17]/G is not reached by a timing clock
Related violations: <none>

TIMING-20#10 Warning
Non-clocked latch  
The latch uCPUTOP/uALU/result_reg[18] cannot be properly analyzed as its control pin uCPUTOP/uALU/result_reg[18]/G is not reached by a timing clock
Related violations: <none>

TIMING-20#11 Warning
Non-clocked latch  
The latch uCPUTOP/uALU/result_reg[19] cannot be properly analyzed as its control pin uCPUTOP/uALU/result_reg[19]/G is not reached by a timing clock
Related violations: <none>

TIMING-20#12 Warning
Non-clocked latch  
The latch uCPUTOP/uALU/result_reg[1] cannot be properly analyzed as its control pin uCPUTOP/uALU/result_reg[1]/G is not reached by a timing clock
Related violations: <none>

TIMING-20#13 Warning
Non-clocked latch  
The latch uCPUTOP/uALU/result_reg[20] cannot be properly analyzed as its control pin uCPUTOP/uALU/result_reg[20]/G is not reached by a timing clock
Related violations: <none>

TIMING-20#14 Warning
Non-clocked latch  
The latch uCPUTOP/uALU/result_reg[21] cannot be properly analyzed as its control pin uCPUTOP/uALU/result_reg[21]/G is not reached by a timing clock
Related violations: <none>

TIMING-20#15 Warning
Non-clocked latch  
The latch uCPUTOP/uALU/result_reg[22] cannot be properly analyzed as its control pin uCPUTOP/uALU/result_reg[22]/G is not reached by a timing clock
Related violations: <none>

TIMING-20#16 Warning
Non-clocked latch  
The latch uCPUTOP/uALU/result_reg[23] cannot be properly analyzed as its control pin uCPUTOP/uALU/result_reg[23]/G is not reached by a timing clock
Related violations: <none>

TIMING-20#17 Warning
Non-clocked latch  
The latch uCPUTOP/uALU/result_reg[24] cannot be properly analyzed as its control pin uCPUTOP/uALU/result_reg[24]/G is not reached by a timing clock
Related violations: <none>

TIMING-20#18 Warning
Non-clocked latch  
The latch uCPUTOP/uALU/result_reg[25] cannot be properly analyzed as its control pin uCPUTOP/uALU/result_reg[25]/G is not reached by a timing clock
Related violations: <none>

TIMING-20#19 Warning
Non-clocked latch  
The latch uCPUTOP/uALU/result_reg[26] cannot be properly analyzed as its control pin uCPUTOP/uALU/result_reg[26]/G is not reached by a timing clock
Related violations: <none>

TIMING-20#20 Warning
Non-clocked latch  
The latch uCPUTOP/uALU/result_reg[27] cannot be properly analyzed as its control pin uCPUTOP/uALU/result_reg[27]/G is not reached by a timing clock
Related violations: <none>

TIMING-20#21 Warning
Non-clocked latch  
The latch uCPUTOP/uALU/result_reg[28] cannot be properly analyzed as its control pin uCPUTOP/uALU/result_reg[28]/G is not reached by a timing clock
Related violations: <none>

TIMING-20#22 Warning
Non-clocked latch  
The latch uCPUTOP/uALU/result_reg[29] cannot be properly analyzed as its control pin uCPUTOP/uALU/result_reg[29]/G is not reached by a timing clock
Related violations: <none>

TIMING-20#23 Warning
Non-clocked latch  
The latch uCPUTOP/uALU/result_reg[2] cannot be properly analyzed as its control pin uCPUTOP/uALU/result_reg[2]/G is not reached by a timing clock
Related violations: <none>

TIMING-20#24 Warning
Non-clocked latch  
The latch uCPUTOP/uALU/result_reg[2]_rep cannot be properly analyzed as its control pin uCPUTOP/uALU/result_reg[2]_rep/G is not reached by a timing clock
Related violations: <none>

TIMING-20#25 Warning
Non-clocked latch  
The latch uCPUTOP/uALU/result_reg[2]_rep__0 cannot be properly analyzed as its control pin uCPUTOP/uALU/result_reg[2]_rep__0/G is not reached by a timing clock
Related violations: <none>

TIMING-20#26 Warning
Non-clocked latch  
The latch uCPUTOP/uALU/result_reg[2]_rep__1 cannot be properly analyzed as its control pin uCPUTOP/uALU/result_reg[2]_rep__1/G is not reached by a timing clock
Related violations: <none>

TIMING-20#27 Warning
Non-clocked latch  
The latch uCPUTOP/uALU/result_reg[30] cannot be properly analyzed as its control pin uCPUTOP/uALU/result_reg[30]/G is not reached by a timing clock
Related violations: <none>

TIMING-20#28 Warning
Non-clocked latch  
The latch uCPUTOP/uALU/result_reg[31] cannot be properly analyzed as its control pin uCPUTOP/uALU/result_reg[31]/G is not reached by a timing clock
Related violations: <none>

TIMING-20#29 Warning
Non-clocked latch  
The latch uCPUTOP/uALU/result_reg[3] cannot be properly analyzed as its control pin uCPUTOP/uALU/result_reg[3]/G is not reached by a timing clock
Related violations: <none>

TIMING-20#30 Warning
Non-clocked latch  
The latch uCPUTOP/uALU/result_reg[3]_rep cannot be properly analyzed as its control pin uCPUTOP/uALU/result_reg[3]_rep/G is not reached by a timing clock
Related violations: <none>

TIMING-20#31 Warning
Non-clocked latch  
The latch uCPUTOP/uALU/result_reg[4] cannot be properly analyzed as its control pin uCPUTOP/uALU/result_reg[4]/G is not reached by a timing clock
Related violations: <none>

TIMING-20#32 Warning
Non-clocked latch  
The latch uCPUTOP/uALU/result_reg[5] cannot be properly analyzed as its control pin uCPUTOP/uALU/result_reg[5]/G is not reached by a timing clock
Related violations: <none>

TIMING-20#33 Warning
Non-clocked latch  
The latch uCPUTOP/uALU/result_reg[6] cannot be properly analyzed as its control pin uCPUTOP/uALU/result_reg[6]/G is not reached by a timing clock
Related violations: <none>

TIMING-20#34 Warning
Non-clocked latch  
The latch uCPUTOP/uALU/result_reg[7] cannot be properly analyzed as its control pin uCPUTOP/uALU/result_reg[7]/G is not reached by a timing clock
Related violations: <none>

TIMING-20#35 Warning
Non-clocked latch  
The latch uCPUTOP/uALU/result_reg[8] cannot be properly analyzed as its control pin uCPUTOP/uALU/result_reg[8]/G is not reached by a timing clock
Related violations: <none>

TIMING-20#36 Warning
Non-clocked latch  
The latch uCPUTOP/uALU/result_reg[9] cannot be properly analyzed as its control pin uCPUTOP/uALU/result_reg[9]/G is not reached by a timing clock
Related violations: <none>

TIMING-20#37 Warning
Non-clocked latch  
The latch uCPUTOP/uALUControl/ALUControlSingal_reg[0] cannot be properly analyzed as its control pin uCPUTOP/uALUControl/ALUControlSingal_reg[0]/G is not reached by a timing clock
Related violations: <none>

TIMING-20#38 Warning
Non-clocked latch  
The latch uCPUTOP/uALUControl/ALUControlSingal_reg[1] cannot be properly analyzed as its control pin uCPUTOP/uALUControl/ALUControlSingal_reg[1]/G is not reached by a timing clock
Related violations: <none>

TIMING-20#39 Warning
Non-clocked latch  
The latch uCPUTOP/uALUControl/ALUControlSingal_reg[2] cannot be properly analyzed as its control pin uCPUTOP/uALUControl/ALUControlSingal_reg[2]/G is not reached by a timing clock
Related violations: <none>

TIMING-20#40 Warning
Non-clocked latch  
The latch uCPUTOP/uALUControl/ALUControlSingal_reg[3] cannot be properly analyzed as its control pin uCPUTOP/uALUControl/ALUControlSingal_reg[3]/G is not reached by a timing clock
Related violations: <none>

TIMING-20#41 Warning
Non-clocked latch  
The latch uCPUTOP/uControlUnit/ALUOp_reg[0] cannot be properly analyzed as its control pin uCPUTOP/uControlUnit/ALUOp_reg[0]/G is not reached by a timing clock
Related violations: <none>

TIMING-20#42 Warning
Non-clocked latch  
The latch uCPUTOP/uControlUnit/ALUOp_reg[1] cannot be properly analyzed as its control pin uCPUTOP/uControlUnit/ALUOp_reg[1]/G is not reached by a timing clock
Related violations: <none>

TIMING-20#43 Warning
Non-clocked latch  
The latch uCPUTOP/uControlUnit/ALUOp_reg[2] cannot be properly analyzed as its control pin uCPUTOP/uControlUnit/ALUOp_reg[2]/G is not reached by a timing clock
Related violations: <none>

TIMING-20#44 Warning
Non-clocked latch  
The latch uCPUTOP/uControlUnit/ALUSrc_reg cannot be properly analyzed as its control pin uCPUTOP/uControlUnit/ALUSrc_reg/G is not reached by a timing clock
Related violations: <none>

TIMING-20#45 Warning
Non-clocked latch  
The latch uCPUTOP/uControlUnit/Branch_reg cannot be properly analyzed as its control pin uCPUTOP/uControlUnit/Branch_reg/G is not reached by a timing clock
Related violations: <none>

TIMING-20#46 Warning
Non-clocked latch  
The latch uCPUTOP/uControlUnit/Jump_reg cannot be properly analyzed as its control pin uCPUTOP/uControlUnit/Jump_reg/G is not reached by a timing clock
Related violations: <none>

TIMING-20#47 Warning
Non-clocked latch  
The latch uCPUTOP/uControlUnit/MemWrite_reg cannot be properly analyzed as its control pin uCPUTOP/uControlUnit/MemWrite_reg/G is not reached by a timing clock
Related violations: <none>

TIMING-20#48 Warning
Non-clocked latch  
The latch uCPUTOP/uControlUnit/MemtoReg_reg cannot be properly analyzed as its control pin uCPUTOP/uControlUnit/MemtoReg_reg/G is not reached by a timing clock
Related violations: <none>

TIMING-20#49 Warning
Non-clocked latch  
The latch uCPUTOP/uControlUnit/RegDst_reg cannot be properly analyzed as its control pin uCPUTOP/uControlUnit/RegDst_reg/G is not reached by a timing clock
Related violations: <none>

TIMING-20#50 Warning
Non-clocked latch  
The latch uCPUTOP/uControlUnit/RegWrite_reg cannot be properly analyzed as its control pin uCPUTOP/uControlUnit/RegWrite_reg/G is not reached by a timing clock
Related violations: <none>


